<?xml version="1.0" encoding="UTF-8"?>
<!-- Generated by org.testng.reporters.JUnitXMLReporter -->
<testsuite ignored="0" hostname="LPTSEPT12" failures="0" tests="3" name="AdditionTestcases" time="0.063" errors="0" timestamp="2021-04-17T18:26:06 IST">
  <testcase classname="QualityKiosksTraining.CalculatorAPI.AdditionTestCases" name="TestAdditionWithPositiveNumbers" time="0.009"/>
  <testcase classname="QualityKiosksTraining.CalculatorAPI.AdditionTestCases" name="TestAdditionWithOnePositiveOneNegative" time="0.002"/>
  <testcase classname="QualityKiosksTraining.CalculatorAPI.AdditionTestCases" name="TestAdditionWithZeroNumbers" time="0.001"/>
</testsuite> <!-- AdditionTestcases -->
