<?xml version="1.0" encoding="UTF-8"?>
<!-- Generated by org.testng.reporters.JUnitXMLReporter -->
<testsuite ignored="0" hostname="LPTSEPT12" failures="0" tests="2" name="Default test" time="0.053" errors="0" timestamp="2021-04-19T11:33:10 IST">
  <testcase classname="QualityKiosksTraining.CalculatorAPI.TestDivisionFunctionality" name="TestDivisionWithPositiveValues" time="0.005"/>
  <testcase classname="QualityKiosksTraining.CalculatorAPI.TestDivisionFunctionality" name="TestDivisionWithNegativeValues" time="0.002"/>
</testsuite> <!-- Default test -->
