<?xml version="1.0" encoding="UTF-8"?>
<!-- Generated by org.testng.reporters.JUnitXMLReporter -->
<testsuite ignored="1" hostname="DESKTOP-RQQTCRF" failures="2" tests="2" name="AdditionTestCases" time="0.151" errors="0" timestamp="2021-04-24T11:34:52 IST">
  <testcase classname="QualityKiosksTraining.CalculatorAPI.AdditionTestCases" name="TestAdditionWithPositiveNumbers" time="0.048">
    <failure type="java.lang.NullPointerException" message="Cannot invoke &amp;quot;QualityKiosksTraining.CalculatorAPI.Calculator.Addition(int, int)&amp;quot; because &amp;quot;this.Obj&amp;quot; is null">
      <![CDATA[java.lang.NullPointerException: Cannot invoke "QualityKiosksTraining.CalculatorAPI.Calculator.Addition(int, int)" because "this.Obj" is null
at QualityKiosksTraining.CalculatorAPI.AdditionTestCases.TestAdditionWithPositiveNumbers(AdditionTestCases.java:37)
at java.base/java.util.ArrayList.forEach(ArrayList.java:1511)
... Removed 27 stack frames]]>
    </failure>
  </testcase> <!-- TestAdditionWithPositiveNumbers -->
  <testcase classname="QualityKiosksTraining.CalculatorAPI.AdditionTestCases" name="TestAdditionWithOnePositiveOneNegative" time="0.006">
    <failure type="java.lang.NullPointerException" message="Cannot invoke &amp;quot;QualityKiosksTraining.CalculatorAPI.Calculator.Addition(int, int)&amp;quot; because &amp;quot;this.Obj&amp;quot; is null">
      <![CDATA[java.lang.NullPointerException: Cannot invoke "QualityKiosksTraining.CalculatorAPI.Calculator.Addition(int, int)" because "this.Obj" is null
at QualityKiosksTraining.CalculatorAPI.AdditionTestCases.TestAdditionWithOnePositiveOneNegative(AdditionTestCases.java:52)
at java.base/java.util.ArrayList.forEach(ArrayList.java:1511)
... Removed 27 stack frames]]>
    </failure>
  </testcase> <!-- TestAdditionWithOnePositiveOneNegative -->
  <testcase classname="QualityKiosksTraining.CalculatorAPI.AdditionTestCases" name="TestAdditionWithZeroNumbers" time="0.0">
    <ignored/>
  </testcase> <!-- TestAdditionWithZeroNumbers -->
</testsuite> <!-- AdditionTestCases -->
