<?xml version="1.0" encoding="UTF-8"?>
<!-- Generated by org.testng.reporters.JUnitXMLReporter -->
<testsuite ignored="1" hostname="DESKTOP-RQQTCRF" failures="1" tests="1" name="Testing Division Functionality" time="0.011" errors="0" timestamp="2021-04-24T11:34:52 IST">
  <testcase classname="QualityKiosksTraining.CalculatorAPI.TestDivisionFunctionality" name="TestDivisionWithPositiveValues" time="0.005">
    <failure type="java.lang.NullPointerException" message="Cannot invoke &amp;quot;QualityKiosksTraining.CalculatorAPI.Calculator.Division(int, int)&amp;quot; because &amp;quot;this.Cal&amp;quot; is null">
      <![CDATA[java.lang.NullPointerException: Cannot invoke "QualityKiosksTraining.CalculatorAPI.Calculator.Division(int, int)" because "this.Cal" is null
at QualityKiosksTraining.CalculatorAPI.TestDivisionFunctionality.TestDivisionWithPositiveValues(TestDivisionFunctionality.java:39)
at java.base/java.util.ArrayList.forEach(ArrayList.java:1511)
... Removed 27 stack frames]]>
    </failure>
  </testcase> <!-- TestDivisionWithPositiveValues -->
  <testcase classname="QualityKiosksTraining.CalculatorAPI.TestDivisionFunctionality" name="TestDivisionWithNegativeValues" time="0.0">
    <ignored/>
  </testcase> <!-- TestDivisionWithNegativeValues -->
</testsuite> <!-- Testing Division Functionality -->
