<?xml version="1.0" encoding="UTF-8"?>
<testsuite xmlns:xsi="http://www.w3.org/2001/XMLSchema-instance" xsi:noNamespaceSchemaLocation="https://maven.apache.org/surefire/maven-surefire-plugin/xsd/surefire-test-report.xsd" name="TestSuite" time="3.913" tests="11" errors="0" skipped="0" failures="0">
  <properties>
[...]
</properties>
  <testcase name="TestAdditionWithPositiveNumbers" classname="QualityKiosksTraining.CalculatorAPI.AdditionTestCases" time="0.011"/>
  <testcase name="TestAdditionWithOnePositiveOneNegative" classname="QualityKiosksTraining.CalculatorAPI.AdditionTestCases" time="0.007"/>
  <testcase name="TestAdditionWithZeroNumbers" classname="QualityKiosksTraining.CalculatorAPI.AdditionTestCases" time="0.004"/>
  <testcase name="TestSubtractionWithPositiveNumbers" classname="QualityKiosksTraining.CalculatorAPI.TestingSubtractionTestCases" time="0.002"/>
  <testcase name="TestSubtractionWith1Positive1NegativeNumbers" classname="QualityKiosksTraining.CalculatorAPI.TestingSubtractionTestCases" time="0"/>
  <testcase name="TestMultiplicationWithPositiveValues" classname="QualityKiosksTraining.CalculatorAPI.TestMultiplication" time="0.009"/>
  <testcase name="TestMultiplicationWithPositiveValues" classname="QualityKiosksTraining.CalculatorAPI.TestMultiplication" time="0"/>
  <testcase name="TestMultiplicationWithPositiveValues" classname="QualityKiosksTraining.CalculatorAPI.TestMultiplication" time="0"/>
  <testcase name="TestMultiplicationWithPositiveValues" classname="QualityKiosksTraining.CalculatorAPI.TestMultiplication" time="0"/>
  <testcase name="TestDivisionWithPositiveValues" classname="QualityKiosksTraining.CalculatorAPI.TestDivisionFunctionality" time="0.005"/>
  <testcase name="TestDivisionWithNegativeValues" classname="QualityKiosksTraining.CalculatorAPI.TestDivisionFunctionality" time="0.005"/>
</testsuite>