<?xml version="1.0" encoding="UTF-8"?>
<!-- Generated by org.testng.reporters.JUnitXMLReporter -->
<testsuite ignored="0" hostname="DESKTOP-RQQTCRF" failures="0" tests="2" name="Testing Subtraction functionality" time="0.008" errors="0" timestamp="2021-04-20T09:18:18 IST">
  <testcase classname="QualityKiosksTraining.CalculatorAPI.TestingSubtractionTestCases" name="TestSubtractionWithPositiveNumbers" time="0.001"/>
  <testcase classname="QualityKiosksTraining.CalculatorAPI.TestingSubtractionTestCases" name="TestSubtractionWith1Positive1NegativeNumbers" time="0.0"/>
</testsuite> <!-- Testing Subtraction functionality -->
