<?xml version="1.0" encoding="UTF-8"?>
<!-- Generated by org.testng.reporters.JUnitXMLReporter -->
<testsuite ignored="0" hostname="DESKTOP-RQQTCRF" failures="0" tests="3" name="Testing Addition functionality" time="0.069" errors="0" timestamp="2021-04-20T09:18:18 IST">
  <testcase classname="QualityKiosksTraining.CalculatorAPI.AdditionTestCases" name="TestAdditionWithPositiveNumbers" time="0.009"/>
  <testcase classname="QualityKiosksTraining.CalculatorAPI.AdditionTestCases" name="TestAdditionWithOnePositiveOneNegative" time="0.001"/>
  <testcase classname="QualityKiosksTraining.CalculatorAPI.AdditionTestCases" name="TestAdditionWithZeroNumbers" time="0.001"/>
</testsuite> <!-- Testing Addition functionality -->
