<?xml version="1.0" encoding="UTF-8"?>
<!-- Generated by org.testng.reporters.JUnitXMLReporter -->
<testsuite ignored="0" hostname="DESKTOP-RQQTCRF" failures="0" tests="3" name="Testing Addition functionality" time="0.158" errors="0" timestamp="2021-04-20T09:10:06 IST">
  <testcase classname="QualityKiosksTraining.CalculatorAPI.AdditionTestCases" name="TestAdditionWithPositiveNumbers" time="0.02"/>
  <testcase classname="QualityKiosksTraining.CalculatorAPI.AdditionTestCases" name="TestAdditionWithOnePositiveOneNegative" time="0.005"/>
  <testcase classname="QualityKiosksTraining.CalculatorAPI.AdditionTestCases" name="TestAdditionWithZeroNumbers" time="0.007"/>
</testsuite> <!-- Testing Addition functionality -->
