<?xml version="1.0" encoding="UTF-8"?>
<!-- Generated by org.testng.reporters.JUnitXMLReporter -->
<testsuite ignored="0" hostname="DESKTOP-RQQTCRF" failures="0" tests="4" name="Testing Multiplication functionality" time="0.066" errors="0" timestamp="2021-04-20T09:10:06 IST">
  <testcase classname="QualityKiosksTraining.CalculatorAPI.TestMultiplication" name="TestMultiplicationWithPositiveValues" time="0.008"/>
  <testcase classname="QualityKiosksTraining.CalculatorAPI.TestMultiplication" name="TestMultiplicationWithPositiveValues" time="0.009"/>
  <testcase classname="QualityKiosksTraining.CalculatorAPI.TestMultiplication" name="TestMultiplicationWithPositiveValues" time="0.008"/>
  <testcase classname="QualityKiosksTraining.CalculatorAPI.TestMultiplication" name="TestMultiplicationWithPositiveValues" time="0.002"/>
</testsuite> <!-- Testing Multiplication functionality -->
