<?xml version="1.0" encoding="UTF-8"?>
<!-- Generated by org.testng.reporters.JUnitXMLReporter -->
<testsuite ignored="0" hostname="DESKTOP-RQQTCRF" failures="0" tests="2" name="Testing Division functionality" time="0.041" errors="0" timestamp="2021-04-20T09:10:06 IST">
  <testcase classname="QualityKiosksTraining.CalculatorAPI.TestDivisionFunctionality" name="TestDivisionWithPositiveValues" time="0.002"/>
  <testcase classname="QualityKiosksTraining.CalculatorAPI.TestDivisionFunctionality" name="TestDivisionWithNegativeValues" time="0.005"/>
</testsuite> <!-- Testing Division functionality -->
